2013-01-28 01:26:37,582 INFO  [org.springframework.context.support.ClassPathXmlApplicationContext] Refreshing org.springframework.context.support.ClassPathXmlApplicationContext@4266a9: display name [org.springframework.context.support.ClassPathXmlApplicationContext@4266a9]; startup date [Mon Jan 28 01:26:37 IST 2013]; root of context hierarchy
2013-01-28 01:26:37,994 INFO  [org.springframework.beans.factory.xml.XmlBeanDefinitionReader] Loading XML bean definitions from class path resource [CarRentalPersistenceContext.xml]
2013-01-28 01:26:38,624 INFO  [org.springframework.beans.factory.xml.XmlBeanDefinitionReader] Loading XML bean definitions from class path resource [com/company/carrental/database/ctx/common/ApplicationContext-DAO.xml]
2013-01-28 01:26:38,915 INFO  [org.springframework.beans.factory.xml.XmlBeanDefinitionReader] Loading XML bean definitions from class path resource [com/company/carrental/database/ctx/common/ApplicationContext-Persistence.xml]
2013-01-28 01:26:39,249 INFO  [org.springframework.beans.factory.xml.XmlBeanDefinitionReader] Loading XML bean definitions from class path resource [com/company/carrental/services/ctx/common/ApplicationContext-Services.xml]
2013-01-28 01:26:39,404 INFO  [org.springframework.beans.factory.xml.XmlBeanDefinitionReader] Loading XML bean definitions from class path resource [custom-request-servicesPersistenceContext.xml]
2013-01-28 01:26:39,598 INFO  [org.springframework.beans.factory.xml.XmlBeanDefinitionReader] Loading XML bean definitions from class path resource [com/company/customrequest/services/database/ctx/common/ApplicationContext-Persistence.xml]
2013-01-28 01:26:39,653 INFO  [org.springframework.beans.factory.support.DefaultListableBeanFactory] Overriding bean definition for bean 'carrental.propertyConfigurer': replacing [Generic bean: class [org.springframework.beans.factory.config.PropertyPlaceholderConfigurer]; scope=singleton; abstract=false; lazyInit=false; autowireCandidate=true; autowireMode=0; dependencyCheck=0; factoryBeanName=null; factoryMethodName=null; initMethodName=null; destroyMethodName=null; defined in class path resource [com/company/carrental/database/ctx/common/ApplicationContext-Persistence.xml]] with [Generic bean: class [org.springframework.beans.factory.config.PropertyPlaceholderConfigurer]; scope=singleton; abstract=false; lazyInit=false; autowireCandidate=true; autowireMode=0; dependencyCheck=0; factoryBeanName=null; factoryMethodName=null; initMethodName=null; destroyMethodName=null; defined in class path resource [com/company/customrequest/services/database/ctx/common/ApplicationContext-Persistence.xml]]
2013-01-28 01:26:39,657 INFO  [org.springframework.beans.factory.xml.XmlBeanDefinitionReader] Loading XML bean definitions from class path resource [com/company/customrequest/services/database/ctx/common/ApplicationContext-DAO.xml]
2013-01-28 01:26:39,687 INFO  [org.springframework.beans.factory.xml.XmlBeanDefinitionReader] Loading XML bean definitions from class path resource [com/company/customrequest/services/database/service/ctx/common/ApplicationContext-Services.xml]
2013-01-28 01:26:39,738 INFO  [org.springframework.context.support.ClassPathXmlApplicationContext] Bean factory for application context [org.springframework.context.support.ClassPathXmlApplicationContext@4266a9]: org.springframework.beans.factory.support.DefaultListableBeanFactory@16e5473
2013-01-28 01:26:40,070 INFO  [org.springframework.beans.factory.config.PropertyPlaceholderConfigurer] Loading properties file from class path resource [jtds.carrental.properties]
2013-01-28 01:26:40,095 INFO  [org.springframework.beans.factory.config.PropertyPlaceholderConfigurer] Loading properties file from class path resource [jtds.carrental.properties]
2013-01-28 01:26:40,182 INFO  [org.springframework.beans.factory.support.DefaultListableBeanFactory] Pre-instantiating singletons in org.springframework.beans.factory.support.DefaultListableBeanFactory@16e5473: defining beans [carrental.DriverMasterDao,carrental.DriverContactDao,carrental.DriverAddressDao,carrental.DriverEducationDao,carrental.DriverEmploymentDao,carrental.DriverBackgroundCheckDao,carrental.propertyConfigurer,carrental.dataSource,carrental.dataSource.local,carrental.hibernateProperties,carrental.transactionManager,carrental.hibernateTemplate,carrental.txAdvice,carrental.mappingResourcesList,carrental.mappingResources,carrental.sessionFactory,org.springframework.aop.config.internalAutoProxyCreator,carrental.DriverService,org.springframework.aop.support.DefaultBeanFactoryPointcutAdvisor#0,DriverService,customRequest.dataSource,customRequest.dataSource.local,customRequest.hibernateProperties,customRequest.sessionFactory,customRequest.transactionManager,customRequest.txAdvice,CustomRequestDao,customRequest.services.propertyConfigurer,customrequest.CustomRequestService,org.springframework.aop.support.DefaultBeanFactoryPointcutAdvisor#1,CustomRequestService]; root of factory hierarchy
2013-01-28 01:26:41,696 INFO  [org.hibernate.cfg.annotations.Version] Hibernate Annotations 3.3.0.GA
2013-01-28 01:26:41,725 INFO  [org.hibernate.cfg.Environment] Hibernate 3.2.5
2013-01-28 01:26:41,735 INFO  [org.hibernate.cfg.Environment] hibernate.properties not found
2013-01-28 01:26:41,740 INFO  [org.hibernate.cfg.Environment] Bytecode provider name : cglib
2013-01-28 01:26:41,750 INFO  [org.hibernate.cfg.Environment] using JDK 1.4 java.sql.Timestamp handling
2013-01-28 01:26:42,056 INFO  [org.hibernate.cfg.AnnotationBinder] Binding entity from annotated class: com.company.carrental.data.pojo.AreaMaster
2013-01-28 01:26:42,181 INFO  [org.hibernate.cfg.annotations.EntityBinder] Bind entity com.company.carrental.data.pojo.AreaMaster on table Area_Master
2013-01-28 01:26:42,517 INFO  [org.hibernate.cfg.AnnotationBinder] Binding entity from annotated class: com.company.carrental.data.pojo.DriverMaster
2013-01-28 01:26:42,518 INFO  [org.hibernate.cfg.annotations.EntityBinder] Bind entity com.company.carrental.data.pojo.DriverMaster on table driver_master
2013-01-28 01:26:42,546 INFO  [org.hibernate.cfg.AnnotationBinder] Binding entity from annotated class: com.company.carrental.data.pojo.DriverContact
2013-01-28 01:26:42,546 INFO  [org.hibernate.cfg.annotations.EntityBinder] Bind entity com.company.carrental.data.pojo.DriverContact on table Driver_Contact
2013-01-28 01:26:42,566 INFO  [org.hibernate.cfg.AnnotationBinder] Binding entity from annotated class: com.company.carrental.data.pojo.ContactTypeMaster
2013-01-28 01:26:42,566 INFO  [org.hibernate.cfg.annotations.EntityBinder] Bind entity com.company.carrental.data.pojo.ContactTypeMaster on table Contact_Type_Master
2013-01-28 01:26:42,578 INFO  [org.hibernate.cfg.AnnotationBinder] Binding entity from annotated class: com.company.carrental.data.pojo.DriverAddress
2013-01-28 01:26:42,579 INFO  [org.hibernate.cfg.annotations.EntityBinder] Bind entity com.company.carrental.data.pojo.DriverAddress on table Driver_Address
2013-01-28 01:26:42,583 INFO  [org.hibernate.cfg.AnnotationBinder] Binding entity from annotated class: com.company.carrental.data.pojo.AddressTypeMaster
2013-01-28 01:26:42,584 INFO  [org.hibernate.cfg.annotations.EntityBinder] Bind entity com.company.carrental.data.pojo.AddressTypeMaster on table Address_Type_Master
2013-01-28 01:26:42,586 INFO  [org.hibernate.cfg.AnnotationBinder] Binding entity from annotated class: com.company.carrental.data.pojo.DriverEducation
2013-01-28 01:26:42,587 INFO  [org.hibernate.cfg.annotations.EntityBinder] Bind entity com.company.carrental.data.pojo.DriverEducation on table Driver_Education
2013-01-28 01:26:42,590 INFO  [org.hibernate.cfg.AnnotationBinder] Binding entity from annotated class: com.company.carrental.data.pojo.DriverEmployment
2013-01-28 01:26:42,590 INFO  [org.hibernate.cfg.annotations.EntityBinder] Bind entity com.company.carrental.data.pojo.DriverEmployment on table Driver_Employment
2013-01-28 01:26:42,599 INFO  [org.hibernate.cfg.AnnotationBinder] Binding entity from annotated class: com.company.carrental.data.pojo.DriverBackgroundCheck
2013-01-28 01:26:42,600 INFO  [org.hibernate.cfg.annotations.EntityBinder] Bind entity com.company.carrental.data.pojo.DriverBackgroundCheck on table Driver_BackGround_Check
2013-01-28 01:26:42,781 INFO  [org.hibernate.cfg.annotations.CollectionBinder] Mapping collection: com.company.carrental.data.pojo.AreaMaster.driverAddresses -> Driver_Address
2013-01-28 01:26:42,781 INFO  [org.hibernate.cfg.annotations.CollectionBinder] Mapping collection: com.company.carrental.data.pojo.DriverMaster.driverAddresses -> Driver_Address
2013-01-28 01:26:42,781 INFO  [org.hibernate.cfg.annotations.CollectionBinder] Mapping collection: com.company.carrental.data.pojo.DriverMaster.driverContacts -> Driver_Contact
2013-01-28 01:26:42,782 INFO  [org.hibernate.cfg.annotations.CollectionBinder] Mapping collection: com.company.carrental.data.pojo.DriverMaster.driverEducations -> Driver_Education
2013-01-28 01:26:42,782 INFO  [org.hibernate.cfg.annotations.CollectionBinder] Mapping collection: com.company.carrental.data.pojo.ContactTypeMaster.driverContacts -> Driver_Contact
2013-01-28 01:26:42,782 INFO  [org.hibernate.cfg.annotations.CollectionBinder] Mapping collection: com.company.carrental.data.pojo.AddressTypeMaster.driverAddresses -> Driver_Address
2013-01-28 01:26:42,800 INFO  [org.hibernate.cfg.AnnotationConfiguration] Hibernate Validator not found: ignoring
2013-01-28 01:26:42,801 INFO  [org.springframework.orm.hibernate3.annotation.AnnotationSessionFactoryBean] Building new Hibernate SessionFactory
2013-01-28 01:26:42,815 INFO  [org.hibernate.cfg.AnnotationConfiguration] Hibernate Validator not found: ignoring
2013-01-28 01:26:42,827 INFO  [org.hibernate.connection.ConnectionProviderFactory] Initializing connection provider: org.springframework.orm.hibernate3.LocalDataSourceConnectionProvider
2013-01-28 01:26:43,419 INFO  [org.hibernate.cfg.SettingsFactory] RDBMS: MySQL, version: 5.5.23
2013-01-28 01:26:43,419 INFO  [org.hibernate.cfg.SettingsFactory] JDBC driver: MySQL-AB JDBC Driver, version: mysql-connector-java-5.0.8 ( Revision: ${svn.Revision} )
2013-01-28 01:26:43,458 INFO  [org.hibernate.dialect.Dialect] Using dialect: org.hibernate.dialect.SybaseDialect
2013-01-28 01:26:43,527 INFO  [org.hibernate.transaction.TransactionFactoryFactory] Using default transaction strategy (direct JDBC transactions)
2013-01-28 01:26:43,532 INFO  [org.hibernate.transaction.TransactionManagerLookupFactory] No TransactionManagerLookup configured (in JTA environment, use of read-write or transactional second-level cache is not recommended)
2013-01-28 01:26:43,532 INFO  [org.hibernate.cfg.SettingsFactory] Automatic flush during beforeCompletion(): enabled
2013-01-28 01:26:43,532 INFO  [org.hibernate.cfg.SettingsFactory] Automatic session close at end of transaction: disabled
2013-01-28 01:26:43,534 INFO  [org.hibernate.cfg.SettingsFactory] Scrollable result sets: enabled
2013-01-28 01:26:43,534 INFO  [org.hibernate.cfg.SettingsFactory] JDBC3 getGeneratedKeys(): enabled
2013-01-28 01:26:43,534 INFO  [org.hibernate.cfg.SettingsFactory] Connection release mode: after_statement
2013-01-28 01:26:43,534 WARN  [org.hibernate.cfg.SettingsFactory] Overriding release mode as connection provider does not support 'after_statement'
2013-01-28 01:26:43,534 INFO  [org.hibernate.cfg.SettingsFactory] Default batch fetch size: 1
2013-01-28 01:26:43,534 INFO  [org.hibernate.cfg.SettingsFactory] Generate SQL with comments: enabled
2013-01-28 01:26:43,535 INFO  [org.hibernate.cfg.SettingsFactory] Order SQL updates by primary key: disabled
2013-01-28 01:26:43,535 INFO  [org.hibernate.cfg.SettingsFactory] Order SQL inserts for batching: disabled
2013-01-28 01:26:43,535 INFO  [org.hibernate.cfg.SettingsFactory] Query translator: org.hibernate.hql.classic.ClassicQueryTranslatorFactory
2013-01-28 01:26:43,540 INFO  [org.hibernate.cfg.SettingsFactory] Query language substitutions: {false='N', true='Y'}
2013-01-28 01:26:43,540 INFO  [org.hibernate.cfg.SettingsFactory] JPA-QL strict compliance: disabled
2013-01-28 01:26:43,540 INFO  [org.hibernate.cfg.SettingsFactory] Second-level cache: disabled
2013-01-28 01:26:43,540 INFO  [org.hibernate.cfg.SettingsFactory] Query cache: disabled
2013-01-28 01:26:43,540 INFO  [org.hibernate.cfg.SettingsFactory] Optimize cache for minimal puts: disabled
2013-01-28 01:26:43,540 INFO  [org.hibernate.cfg.SettingsFactory] Structured second-level cache entries: disabled
2013-01-28 01:26:43,554 INFO  [org.hibernate.cfg.SettingsFactory] Echoing all SQL to stdout
2013-01-28 01:26:43,554 INFO  [org.hibernate.cfg.SettingsFactory] Statistics: disabled
2013-01-28 01:26:43,554 INFO  [org.hibernate.cfg.SettingsFactory] Deleted entity synthetic identifier rollback: disabled
2013-01-28 01:26:43,556 INFO  [org.hibernate.cfg.SettingsFactory] Default entity-mode: pojo
2013-01-28 01:26:43,556 INFO  [org.hibernate.cfg.SettingsFactory] Named query checking : enabled
2013-01-28 01:26:43,649 INFO  [org.hibernate.impl.SessionFactoryImpl] building session factory
2013-01-28 01:26:44,682 INFO  [org.hibernate.impl.SessionFactoryObjectFactory] Not binding factory to JNDI, no JNDI name configured
2013-01-28 01:26:45,352 INFO  [org.springframework.orm.hibernate3.HibernateTransactionManager] Using DataSource [org.apache.commons.dbcp.BasicDataSource@a0dd1d] of Hibernate SessionFactory for HibernateTransactionManager
2013-01-28 01:26:45,772 INFO  [org.springframework.beans.factory.support.DefaultListableBeanFactory] Destroying singletons in org.springframework.beans.factory.support.DefaultListableBeanFactory@16e5473: defining beans [carrental.DriverMasterDao,carrental.DriverContactDao,carrental.DriverAddressDao,carrental.DriverEducationDao,carrental.DriverEmploymentDao,carrental.DriverBackgroundCheckDao,carrental.propertyConfigurer,carrental.dataSource,carrental.dataSource.local,carrental.hibernateProperties,carrental.transactionManager,carrental.hibernateTemplate,carrental.txAdvice,carrental.mappingResourcesList,carrental.mappingResources,carrental.sessionFactory,org.springframework.aop.config.internalAutoProxyCreator,carrental.DriverService,org.springframework.aop.support.DefaultBeanFactoryPointcutAdvisor#0,DriverService,customRequest.dataSource,customRequest.dataSource.local,customRequest.hibernateProperties,customRequest.sessionFactory,customRequest.transactionManager,customRequest.txAdvice,CustomRequestDao,customRequest.services.propertyConfigurer,customrequest.CustomRequestService,org.springframework.aop.support.DefaultBeanFactoryPointcutAdvisor#1,CustomRequestService]; root of factory hierarchy
2013-01-28 01:26:45,772 INFO  [org.springframework.orm.hibernate3.annotation.AnnotationSessionFactoryBean] Closing Hibernate SessionFactory
2013-01-28 01:26:45,772 INFO  [org.hibernate.impl.SessionFactoryImpl] closing
2013-01-28 01:30:13,516 INFO  [org.springframework.context.support.ClassPathXmlApplicationContext] Refreshing org.springframework.context.support.ClassPathXmlApplicationContext@d302d6: display name [org.springframework.context.support.ClassPathXmlApplicationContext@d302d6]; startup date [Mon Jan 28 01:30:13 IST 2013]; root of context hierarchy
2013-01-28 01:30:13,740 INFO  [org.springframework.beans.factory.xml.XmlBeanDefinitionReader] Loading XML bean definitions from class path resource [CarRentalPersistenceContext.xml]
2013-01-28 01:30:13,976 INFO  [org.springframework.beans.factory.xml.XmlBeanDefinitionReader] Loading XML bean definitions from class path resource [com/company/carrental/database/ctx/common/ApplicationContext-DAO.xml]
2013-01-28 01:30:14,081 INFO  [org.springframework.beans.factory.xml.XmlBeanDefinitionReader] Loading XML bean definitions from class path resource [com/company/carrental/database/ctx/common/ApplicationContext-Persistence.xml]
2013-01-28 01:30:14,274 INFO  [org.springframework.beans.factory.xml.XmlBeanDefinitionReader] Loading XML bean definitions from class path resource [com/company/carrental/services/ctx/common/ApplicationContext-Services.xml]
2013-01-28 01:30:14,408 INFO  [org.springframework.beans.factory.xml.XmlBeanDefinitionReader] Loading XML bean definitions from class path resource [custom-request-servicesPersistenceContext.xml]
2013-01-28 01:30:14,465 INFO  [org.springframework.beans.factory.xml.XmlBeanDefinitionReader] Loading XML bean definitions from class path resource [com/company/customrequest/services/database/ctx/common/ApplicationContext-Persistence.xml]
2013-01-28 01:30:14,520 INFO  [org.springframework.beans.factory.support.DefaultListableBeanFactory] Overriding bean definition for bean 'carrental.propertyConfigurer': replacing [Generic bean: class [org.springframework.beans.factory.config.PropertyPlaceholderConfigurer]; scope=singleton; abstract=false; lazyInit=false; autowireCandidate=true; autowireMode=0; dependencyCheck=0; factoryBeanName=null; factoryMethodName=null; initMethodName=null; destroyMethodName=null; defined in class path resource [com/company/carrental/database/ctx/common/ApplicationContext-Persistence.xml]] with [Generic bean: class [org.springframework.beans.factory.config.PropertyPlaceholderConfigurer]; scope=singleton; abstract=false; lazyInit=false; autowireCandidate=true; autowireMode=0; dependencyCheck=0; factoryBeanName=null; factoryMethodName=null; initMethodName=null; destroyMethodName=null; defined in class path resource [com/company/customrequest/services/database/ctx/common/ApplicationContext-Persistence.xml]]
2013-01-28 01:30:14,524 INFO  [org.springframework.beans.factory.xml.XmlBeanDefinitionReader] Loading XML bean definitions from class path resource [com/company/customrequest/services/database/ctx/common/ApplicationContext-DAO.xml]
2013-01-28 01:30:14,548 INFO  [org.springframework.beans.factory.xml.XmlBeanDefinitionReader] Loading XML bean definitions from class path resource [com/company/customrequest/services/database/service/ctx/common/ApplicationContext-Services.xml]
2013-01-28 01:30:14,581 INFO  [org.springframework.context.support.ClassPathXmlApplicationContext] Bean factory for application context [org.springframework.context.support.ClassPathXmlApplicationContext@d302d6]: org.springframework.beans.factory.support.DefaultListableBeanFactory@10d1dbe
2013-01-28 01:30:14,950 INFO  [org.springframework.beans.factory.config.PropertyPlaceholderConfigurer] Loading properties file from class path resource [jtds.carrental.properties]
2013-01-28 01:30:14,970 INFO  [org.springframework.beans.factory.config.PropertyPlaceholderConfigurer] Loading properties file from class path resource [jtds.carrental.properties]
2013-01-28 01:30:15,061 INFO  [org.springframework.beans.factory.support.DefaultListableBeanFactory] Pre-instantiating singletons in org.springframework.beans.factory.support.DefaultListableBeanFactory@10d1dbe: defining beans [carrental.DriverMasterDao,carrental.DriverContactDao,carrental.DriverAddressDao,carrental.DriverEducationDao,carrental.DriverEmploymentDao,carrental.DriverBackgroundCheckDao,carrental.propertyConfigurer,carrental.dataSource,carrental.dataSource.local,carrental.hibernateProperties,carrental.transactionManager,carrental.hibernateTemplate,carrental.txAdvice,carrental.mappingResourcesList,carrental.mappingResources,carrental.sessionFactory,org.springframework.aop.config.internalAutoProxyCreator,carrental.DriverService,org.springframework.aop.support.DefaultBeanFactoryPointcutAdvisor#0,DriverService,customRequest.dataSource,customRequest.dataSource.local,customRequest.hibernateProperties,customRequest.sessionFactory,customRequest.transactionManager,customRequest.txAdvice,CustomRequestDao,customRequest.services.propertyConfigurer,customrequest.CustomRequestService,org.springframework.aop.support.DefaultBeanFactoryPointcutAdvisor#1,CustomRequestService]; root of factory hierarchy
2013-01-28 01:30:16,547 INFO  [org.hibernate.cfg.annotations.Version] Hibernate Annotations 3.3.0.GA
2013-01-28 01:30:16,576 INFO  [org.hibernate.cfg.Environment] Hibernate 3.2.5
2013-01-28 01:30:16,586 INFO  [org.hibernate.cfg.Environment] hibernate.properties not found
2013-01-28 01:30:16,590 INFO  [org.hibernate.cfg.Environment] Bytecode provider name : cglib
2013-01-28 01:30:16,604 INFO  [org.hibernate.cfg.Environment] using JDK 1.4 java.sql.Timestamp handling
2013-01-28 01:30:17,109 INFO  [org.hibernate.cfg.AnnotationBinder] Binding entity from annotated class: com.company.carrental.data.pojo.AreaMaster
2013-01-28 01:30:17,256 INFO  [org.hibernate.cfg.annotations.EntityBinder] Bind entity com.company.carrental.data.pojo.AreaMaster on table Area_Master
2013-01-28 01:30:17,514 INFO  [org.hibernate.cfg.AnnotationBinder] Binding entity from annotated class: com.company.carrental.data.pojo.DriverMaster
2013-01-28 01:30:17,515 INFO  [org.hibernate.cfg.annotations.EntityBinder] Bind entity com.company.carrental.data.pojo.DriverMaster on table driver_master
2013-01-28 01:30:17,538 INFO  [org.hibernate.cfg.AnnotationBinder] Binding entity from annotated class: com.company.carrental.data.pojo.DriverContact
2013-01-28 01:30:17,539 INFO  [org.hibernate.cfg.annotations.EntityBinder] Bind entity com.company.carrental.data.pojo.DriverContact on table Driver_Contact
2013-01-28 01:30:17,564 INFO  [org.hibernate.cfg.AnnotationBinder] Binding entity from annotated class: com.company.carrental.data.pojo.ContactTypeMaster
2013-01-28 01:30:17,564 INFO  [org.hibernate.cfg.annotations.EntityBinder] Bind entity com.company.carrental.data.pojo.ContactTypeMaster on table Contact_Type_Master
2013-01-28 01:30:17,576 INFO  [org.hibernate.cfg.AnnotationBinder] Binding entity from annotated class: com.company.carrental.data.pojo.DriverAddress
2013-01-28 01:30:17,576 INFO  [org.hibernate.cfg.annotations.EntityBinder] Bind entity com.company.carrental.data.pojo.DriverAddress on table Driver_Address
2013-01-28 01:30:17,579 INFO  [org.hibernate.cfg.AnnotationBinder] Binding entity from annotated class: com.company.carrental.data.pojo.AddressTypeMaster
2013-01-28 01:30:17,579 INFO  [org.hibernate.cfg.annotations.EntityBinder] Bind entity com.company.carrental.data.pojo.AddressTypeMaster on table Address_Type_Master
2013-01-28 01:30:17,587 INFO  [org.hibernate.cfg.AnnotationBinder] Binding entity from annotated class: com.company.carrental.data.pojo.DriverEducation
2013-01-28 01:30:17,588 INFO  [org.hibernate.cfg.annotations.EntityBinder] Bind entity com.company.carrental.data.pojo.DriverEducation on table Driver_Education
2013-01-28 01:30:17,591 INFO  [org.hibernate.cfg.AnnotationBinder] Binding entity from annotated class: com.company.carrental.data.pojo.DriverEmployment
2013-01-28 01:30:17,591 INFO  [org.hibernate.cfg.annotations.EntityBinder] Bind entity com.company.carrental.data.pojo.DriverEmployment on table Driver_Employment
2013-01-28 01:30:17,605 INFO  [org.hibernate.cfg.AnnotationBinder] Binding entity from annotated class: com.company.carrental.data.pojo.DriverBackgroundCheck
2013-01-28 01:30:17,606 INFO  [org.hibernate.cfg.annotations.EntityBinder] Bind entity com.company.carrental.data.pojo.DriverBackgroundCheck on table Driver_BackGround_Check
2013-01-28 01:30:17,823 INFO  [org.hibernate.cfg.annotations.CollectionBinder] Mapping collection: com.company.carrental.data.pojo.AreaMaster.driverAddresses -> Driver_Address
2013-01-28 01:30:17,823 INFO  [org.hibernate.cfg.annotations.CollectionBinder] Mapping collection: com.company.carrental.data.pojo.DriverMaster.driverAddresses -> Driver_Address
2013-01-28 01:30:17,823 INFO  [org.hibernate.cfg.annotations.CollectionBinder] Mapping collection: com.company.carrental.data.pojo.DriverMaster.driverContacts -> Driver_Contact
2013-01-28 01:30:17,824 INFO  [org.hibernate.cfg.annotations.CollectionBinder] Mapping collection: com.company.carrental.data.pojo.DriverMaster.driverEducations -> Driver_Education
2013-01-28 01:30:17,824 INFO  [org.hibernate.cfg.annotations.CollectionBinder] Mapping collection: com.company.carrental.data.pojo.ContactTypeMaster.driverContacts -> Driver_Contact
2013-01-28 01:30:17,824 INFO  [org.hibernate.cfg.annotations.CollectionBinder] Mapping collection: com.company.carrental.data.pojo.AddressTypeMaster.driverAddresses -> Driver_Address
2013-01-28 01:30:17,846 INFO  [org.hibernate.cfg.AnnotationConfiguration] Hibernate Validator not found: ignoring
2013-01-28 01:30:17,846 INFO  [org.springframework.orm.hibernate3.annotation.AnnotationSessionFactoryBean] Building new Hibernate SessionFactory
2013-01-28 01:30:17,861 INFO  [org.hibernate.cfg.AnnotationConfiguration] Hibernate Validator not found: ignoring
2013-01-28 01:30:17,876 INFO  [org.hibernate.connection.ConnectionProviderFactory] Initializing connection provider: org.springframework.orm.hibernate3.LocalDataSourceConnectionProvider
2013-01-28 01:30:18,934 INFO  [org.hibernate.cfg.SettingsFactory] RDBMS: MySQL, version: 5.5.23
2013-01-28 01:30:18,934 INFO  [org.hibernate.cfg.SettingsFactory] JDBC driver: MySQL-AB JDBC Driver, version: mysql-connector-java-5.0.8 ( Revision: ${svn.Revision} )
2013-01-28 01:30:18,982 INFO  [org.hibernate.dialect.Dialect] Using dialect: org.hibernate.dialect.SybaseDialect
2013-01-28 01:30:18,997 INFO  [org.hibernate.transaction.TransactionFactoryFactory] Using default transaction strategy (direct JDBC transactions)
2013-01-28 01:30:19,006 INFO  [org.hibernate.transaction.TransactionManagerLookupFactory] No TransactionManagerLookup configured (in JTA environment, use of read-write or transactional second-level cache is not recommended)
2013-01-28 01:30:19,007 INFO  [org.hibernate.cfg.SettingsFactory] Automatic flush during beforeCompletion(): enabled
2013-01-28 01:30:19,007 INFO  [org.hibernate.cfg.SettingsFactory] Automatic session close at end of transaction: disabled
2013-01-28 01:30:19,008 INFO  [org.hibernate.cfg.SettingsFactory] Scrollable result sets: enabled
2013-01-28 01:30:19,009 INFO  [org.hibernate.cfg.SettingsFactory] JDBC3 getGeneratedKeys(): enabled
2013-01-28 01:30:19,009 INFO  [org.hibernate.cfg.SettingsFactory] Connection release mode: after_statement
2013-01-28 01:30:19,009 WARN  [org.hibernate.cfg.SettingsFactory] Overriding release mode as connection provider does not support 'after_statement'
2013-01-28 01:30:19,009 INFO  [org.hibernate.cfg.SettingsFactory] Default batch fetch size: 1
2013-01-28 01:30:19,009 INFO  [org.hibernate.cfg.SettingsFactory] Generate SQL with comments: enabled
2013-01-28 01:30:19,009 INFO  [org.hibernate.cfg.SettingsFactory] Order SQL updates by primary key: disabled
2013-01-28 01:30:19,009 INFO  [org.hibernate.cfg.SettingsFactory] Order SQL inserts for batching: disabled
2013-01-28 01:30:19,009 INFO  [org.hibernate.cfg.SettingsFactory] Query translator: org.hibernate.hql.classic.ClassicQueryTranslatorFactory
2013-01-28 01:30:19,015 INFO  [org.hibernate.cfg.SettingsFactory] Query language substitutions: {false='N', true='Y'}
2013-01-28 01:30:19,015 INFO  [org.hibernate.cfg.SettingsFactory] JPA-QL strict compliance: disabled
2013-01-28 01:30:19,015 INFO  [org.hibernate.cfg.SettingsFactory] Second-level cache: disabled
2013-01-28 01:30:19,015 INFO  [org.hibernate.cfg.SettingsFactory] Query cache: disabled
2013-01-28 01:30:19,015 INFO  [org.hibernate.cfg.SettingsFactory] Optimize cache for minimal puts: disabled
2013-01-28 01:30:19,016 INFO  [org.hibernate.cfg.SettingsFactory] Structured second-level cache entries: disabled
2013-01-28 01:30:19,031 INFO  [org.hibernate.cfg.SettingsFactory] Echoing all SQL to stdout
2013-01-28 01:30:19,032 INFO  [org.hibernate.cfg.SettingsFactory] Statistics: disabled
2013-01-28 01:30:19,032 INFO  [org.hibernate.cfg.SettingsFactory] Deleted entity synthetic identifier rollback: disabled
2013-01-28 01:30:19,033 INFO  [org.hibernate.cfg.SettingsFactory] Default entity-mode: pojo
2013-01-28 01:30:19,033 INFO  [org.hibernate.cfg.SettingsFactory] Named query checking : enabled
2013-01-28 01:30:19,131 INFO  [org.hibernate.impl.SessionFactoryImpl] building session factory
2013-01-28 01:30:20,214 INFO  [org.hibernate.impl.SessionFactoryObjectFactory] Not binding factory to JNDI, no JNDI name configured
2013-01-28 01:30:20,795 INFO  [org.springframework.orm.hibernate3.HibernateTransactionManager] Using DataSource [org.apache.commons.dbcp.BasicDataSource@75abdb] of Hibernate SessionFactory for HibernateTransactionManager
2013-01-28 01:30:21,613 INFO  [org.springframework.beans.factory.support.DefaultListableBeanFactory] Destroying singletons in org.springframework.beans.factory.support.DefaultListableBeanFactory@10d1dbe: defining beans [carrental.DriverMasterDao,carrental.DriverContactDao,carrental.DriverAddressDao,carrental.DriverEducationDao,carrental.DriverEmploymentDao,carrental.DriverBackgroundCheckDao,carrental.propertyConfigurer,carrental.dataSource,carrental.dataSource.local,carrental.hibernateProperties,carrental.transactionManager,carrental.hibernateTemplate,carrental.txAdvice,carrental.mappingResourcesList,carrental.mappingResources,carrental.sessionFactory,org.springframework.aop.config.internalAutoProxyCreator,carrental.DriverService,org.springframework.aop.support.DefaultBeanFactoryPointcutAdvisor#0,DriverService,customRequest.dataSource,customRequest.dataSource.local,customRequest.hibernateProperties,customRequest.sessionFactory,customRequest.transactionManager,customRequest.txAdvice,CustomRequestDao,customRequest.services.propertyConfigurer,customrequest.CustomRequestService,org.springframework.aop.support.DefaultBeanFactoryPointcutAdvisor#1,CustomRequestService]; root of factory hierarchy
2013-01-28 01:30:21,614 INFO  [org.springframework.orm.hibernate3.annotation.AnnotationSessionFactoryBean] Closing Hibernate SessionFactory
2013-01-28 01:30:21,614 INFO  [org.hibernate.impl.SessionFactoryImpl] closing
2013-01-28 01:36:23,047 INFO  [org.springframework.context.support.ClassPathXmlApplicationContext] Refreshing org.springframework.context.support.ClassPathXmlApplicationContext@1ce1661: display name [org.springframework.context.support.ClassPathXmlApplicationContext@1ce1661]; startup date [Mon Jan 28 01:36:23 IST 2013]; root of context hierarchy
2013-01-28 01:36:23,212 INFO  [org.springframework.beans.factory.xml.XmlBeanDefinitionReader] Loading XML bean definitions from class path resource [CarRentalPersistenceContext.xml]
2013-01-28 01:36:23,410 INFO  [org.springframework.beans.factory.xml.XmlBeanDefinitionReader] Loading XML bean definitions from class path resource [com/company/carrental/database/ctx/common/ApplicationContext-DAO.xml]
2013-01-28 01:36:23,482 INFO  [org.springframework.beans.factory.xml.XmlBeanDefinitionReader] Loading XML bean definitions from class path resource [com/company/carrental/database/ctx/common/ApplicationContext-Persistence.xml]
2013-01-28 01:36:23,630 INFO  [org.springframework.beans.factory.xml.XmlBeanDefinitionReader] Loading XML bean definitions from class path resource [com/company/carrental/services/ctx/common/ApplicationContext-Services.xml]
2013-01-28 01:36:23,742 INFO  [org.springframework.beans.factory.xml.XmlBeanDefinitionReader] Loading XML bean definitions from class path resource [custom-request-servicesPersistenceContext.xml]
2013-01-28 01:36:23,772 INFO  [org.springframework.beans.factory.xml.XmlBeanDefinitionReader] Loading XML bean definitions from class path resource [com/company/customrequest/services/database/ctx/common/ApplicationContext-Persistence.xml]
2013-01-28 01:36:23,824 INFO  [org.springframework.beans.factory.support.DefaultListableBeanFactory] Overriding bean definition for bean 'carrental.propertyConfigurer': replacing [Generic bean: class [org.springframework.beans.factory.config.PropertyPlaceholderConfigurer]; scope=singleton; abstract=false; lazyInit=false; autowireCandidate=true; autowireMode=0; dependencyCheck=0; factoryBeanName=null; factoryMethodName=null; initMethodName=null; destroyMethodName=null; defined in class path resource [com/company/carrental/database/ctx/common/ApplicationContext-Persistence.xml]] with [Generic bean: class [org.springframework.beans.factory.config.PropertyPlaceholderConfigurer]; scope=singleton; abstract=false; lazyInit=false; autowireCandidate=true; autowireMode=0; dependencyCheck=0; factoryBeanName=null; factoryMethodName=null; initMethodName=null; destroyMethodName=null; defined in class path resource [com/company/customrequest/services/database/ctx/common/ApplicationContext-Persistence.xml]]
2013-01-28 01:36:23,828 INFO  [org.springframework.beans.factory.xml.XmlBeanDefinitionReader] Loading XML bean definitions from class path resource [com/company/customrequest/services/database/ctx/common/ApplicationContext-DAO.xml]
2013-01-28 01:36:23,851 INFO  [org.springframework.beans.factory.xml.XmlBeanDefinitionReader] Loading XML bean definitions from class path resource [com/company/customrequest/services/database/service/ctx/common/ApplicationContext-Services.xml]
2013-01-28 01:36:23,911 INFO  [org.springframework.context.support.ClassPathXmlApplicationContext] Bean factory for application context [org.springframework.context.support.ClassPathXmlApplicationContext@1ce1661]: org.springframework.beans.factory.support.DefaultListableBeanFactory@1fddd99
2013-01-28 01:36:24,111 INFO  [org.springframework.beans.factory.config.PropertyPlaceholderConfigurer] Loading properties file from class path resource [jtds.carrental.properties]
2013-01-28 01:36:24,127 INFO  [org.springframework.beans.factory.config.PropertyPlaceholderConfigurer] Loading properties file from class path resource [jtds.carrental.properties]
2013-01-28 01:36:24,213 INFO  [org.springframework.beans.factory.support.DefaultListableBeanFactory] Pre-instantiating singletons in org.springframework.beans.factory.support.DefaultListableBeanFactory@1fddd99: defining beans [carrental.DriverMasterDao,carrental.DriverContactDao,carrental.DriverAddressDao,carrental.DriverEducationDao,carrental.DriverEmploymentDao,carrental.DriverBackgroundCheckDao,carrental.propertyConfigurer,carrental.dataSource,carrental.dataSource.local,carrental.hibernateProperties,carrental.transactionManager,carrental.hibernateTemplate,carrental.txAdvice,carrental.mappingResourcesList,carrental.mappingResources,carrental.sessionFactory,org.springframework.aop.config.internalAutoProxyCreator,carrental.DriverService,org.springframework.aop.support.DefaultBeanFactoryPointcutAdvisor#0,DriverService,customRequest.dataSource,customRequest.dataSource.local,customRequest.hibernateProperties,customRequest.sessionFactory,customRequest.transactionManager,customRequest.txAdvice,CustomRequestDao,customRequest.services.propertyConfigurer,customrequest.CustomRequestService,org.springframework.aop.support.DefaultBeanFactoryPointcutAdvisor#1,CustomRequestService]; root of factory hierarchy
2013-01-28 01:36:25,186 INFO  [org.hibernate.cfg.annotations.Version] Hibernate Annotations 3.3.0.GA
2013-01-28 01:36:25,209 INFO  [org.hibernate.cfg.Environment] Hibernate 3.2.5
2013-01-28 01:36:25,219 INFO  [org.hibernate.cfg.Environment] hibernate.properties not found
2013-01-28 01:36:25,222 INFO  [org.hibernate.cfg.Environment] Bytecode provider name : cglib
2013-01-28 01:36:25,231 INFO  [org.hibernate.cfg.Environment] using JDK 1.4 java.sql.Timestamp handling
2013-01-28 01:36:25,512 INFO  [org.hibernate.cfg.AnnotationBinder] Binding entity from annotated class: com.company.carrental.data.pojo.AreaMaster
2013-01-28 01:36:25,613 INFO  [org.hibernate.cfg.annotations.EntityBinder] Bind entity com.company.carrental.data.pojo.AreaMaster on table Area_Master
2013-01-28 01:36:25,801 INFO  [org.hibernate.cfg.AnnotationBinder] Binding entity from annotated class: com.company.carrental.data.pojo.DriverMaster
2013-01-28 01:36:25,801 INFO  [org.hibernate.cfg.annotations.EntityBinder] Bind entity com.company.carrental.data.pojo.DriverMaster on table driver_master
2013-01-28 01:36:25,825 INFO  [org.hibernate.cfg.AnnotationBinder] Binding entity from annotated class: com.company.carrental.data.pojo.DriverContact
2013-01-28 01:36:25,825 INFO  [org.hibernate.cfg.annotations.EntityBinder] Bind entity com.company.carrental.data.pojo.DriverContact on table Driver_Contact
2013-01-28 01:36:25,836 INFO  [org.hibernate.cfg.AnnotationBinder] Binding entity from annotated class: com.company.carrental.data.pojo.ContactTypeMaster
2013-01-28 01:36:25,836 INFO  [org.hibernate.cfg.annotations.EntityBinder] Bind entity com.company.carrental.data.pojo.ContactTypeMaster on table Contact_Type_Master
2013-01-28 01:36:25,840 INFO  [org.hibernate.cfg.AnnotationBinder] Binding entity from annotated class: com.company.carrental.data.pojo.DriverAddress
2013-01-28 01:36:25,840 INFO  [org.hibernate.cfg.annotations.EntityBinder] Bind entity com.company.carrental.data.pojo.DriverAddress on table Driver_Address
2013-01-28 01:36:25,844 INFO  [org.hibernate.cfg.AnnotationBinder] Binding entity from annotated class: com.company.carrental.data.pojo.AddressTypeMaster
2013-01-28 01:36:25,844 INFO  [org.hibernate.cfg.annotations.EntityBinder] Bind entity com.company.carrental.data.pojo.AddressTypeMaster on table Address_Type_Master
2013-01-28 01:36:25,847 INFO  [org.hibernate.cfg.AnnotationBinder] Binding entity from annotated class: com.company.carrental.data.pojo.DriverEducation
2013-01-28 01:36:25,847 INFO  [org.hibernate.cfg.annotations.EntityBinder] Bind entity com.company.carrental.data.pojo.DriverEducation on table Driver_Education
2013-01-28 01:36:25,852 INFO  [org.hibernate.cfg.AnnotationBinder] Binding entity from annotated class: com.company.carrental.data.pojo.DriverEmployment
2013-01-28 01:36:25,854 INFO  [org.hibernate.cfg.annotations.EntityBinder] Bind entity com.company.carrental.data.pojo.DriverEmployment on table Driver_Employment
2013-01-28 01:36:25,859 INFO  [org.hibernate.cfg.AnnotationBinder] Binding entity from annotated class: com.company.carrental.data.pojo.DriverBackgroundCheck
2013-01-28 01:36:25,859 INFO  [org.hibernate.cfg.annotations.EntityBinder] Bind entity com.company.carrental.data.pojo.DriverBackgroundCheck on table Driver_BackGround_Check
2013-01-28 01:36:26,002 INFO  [org.hibernate.cfg.annotations.CollectionBinder] Mapping collection: com.company.carrental.data.pojo.AreaMaster.driverAddresses -> Driver_Address
2013-01-28 01:36:26,002 INFO  [org.hibernate.cfg.annotations.CollectionBinder] Mapping collection: com.company.carrental.data.pojo.DriverMaster.driverAddresses -> Driver_Address
2013-01-28 01:36:26,003 INFO  [org.hibernate.cfg.annotations.CollectionBinder] Mapping collection: com.company.carrental.data.pojo.DriverMaster.driverContacts -> Driver_Contact
2013-01-28 01:36:26,003 INFO  [org.hibernate.cfg.annotations.CollectionBinder] Mapping collection: com.company.carrental.data.pojo.DriverMaster.driverEducations -> Driver_Education
2013-01-28 01:36:26,003 INFO  [org.hibernate.cfg.annotations.CollectionBinder] Mapping collection: com.company.carrental.data.pojo.ContactTypeMaster.driverContacts -> Driver_Contact
2013-01-28 01:36:26,003 INFO  [org.hibernate.cfg.annotations.CollectionBinder] Mapping collection: com.company.carrental.data.pojo.AddressTypeMaster.driverAddresses -> Driver_Address
2013-01-28 01:36:26,019 INFO  [org.hibernate.cfg.AnnotationConfiguration] Hibernate Validator not found: ignoring
2013-01-28 01:36:26,020 INFO  [org.springframework.orm.hibernate3.annotation.AnnotationSessionFactoryBean] Building new Hibernate SessionFactory
2013-01-28 01:36:26,034 INFO  [org.hibernate.cfg.AnnotationConfiguration] Hibernate Validator not found: ignoring
2013-01-28 01:36:26,045 INFO  [org.hibernate.connection.ConnectionProviderFactory] Initializing connection provider: org.springframework.orm.hibernate3.LocalDataSourceConnectionProvider
2013-01-28 01:36:26,552 INFO  [org.hibernate.cfg.SettingsFactory] RDBMS: MySQL, version: 5.5.23
2013-01-28 01:36:26,552 INFO  [org.hibernate.cfg.SettingsFactory] JDBC driver: MySQL-AB JDBC Driver, version: mysql-connector-java-5.0.8 ( Revision: ${svn.Revision} )
2013-01-28 01:36:26,591 INFO  [org.hibernate.dialect.Dialect] Using dialect: org.hibernate.dialect.SybaseDialect
2013-01-28 01:36:26,603 INFO  [org.hibernate.transaction.TransactionFactoryFactory] Using default transaction strategy (direct JDBC transactions)
2013-01-28 01:36:26,607 INFO  [org.hibernate.transaction.TransactionManagerLookupFactory] No TransactionManagerLookup configured (in JTA environment, use of read-write or transactional second-level cache is not recommended)
2013-01-28 01:36:26,607 INFO  [org.hibernate.cfg.SettingsFactory] Automatic flush during beforeCompletion(): enabled
2013-01-28 01:36:26,607 INFO  [org.hibernate.cfg.SettingsFactory] Automatic session close at end of transaction: disabled
2013-01-28 01:36:26,608 INFO  [org.hibernate.cfg.SettingsFactory] Scrollable result sets: enabled
2013-01-28 01:36:26,609 INFO  [org.hibernate.cfg.SettingsFactory] JDBC3 getGeneratedKeys(): enabled
2013-01-28 01:36:26,609 INFO  [org.hibernate.cfg.SettingsFactory] Connection release mode: after_statement
2013-01-28 01:36:26,609 WARN  [org.hibernate.cfg.SettingsFactory] Overriding release mode as connection provider does not support 'after_statement'
2013-01-28 01:36:26,609 INFO  [org.hibernate.cfg.SettingsFactory] Default batch fetch size: 1
2013-01-28 01:36:26,609 INFO  [org.hibernate.cfg.SettingsFactory] Generate SQL with comments: enabled
2013-01-28 01:36:26,609 INFO  [org.hibernate.cfg.SettingsFactory] Order SQL updates by primary key: disabled
2013-01-28 01:36:26,609 INFO  [org.hibernate.cfg.SettingsFactory] Order SQL inserts for batching: disabled
2013-01-28 01:36:26,609 INFO  [org.hibernate.cfg.SettingsFactory] Query translator: org.hibernate.hql.classic.ClassicQueryTranslatorFactory
2013-01-28 01:36:26,614 INFO  [org.hibernate.cfg.SettingsFactory] Query language substitutions: {false='N', true='Y'}
2013-01-28 01:36:26,614 INFO  [org.hibernate.cfg.SettingsFactory] JPA-QL strict compliance: disabled
2013-01-28 01:36:26,614 INFO  [org.hibernate.cfg.SettingsFactory] Second-level cache: disabled
2013-01-28 01:36:26,614 INFO  [org.hibernate.cfg.SettingsFactory] Query cache: disabled
2013-01-28 01:36:26,614 INFO  [org.hibernate.cfg.SettingsFactory] Optimize cache for minimal puts: disabled
2013-01-28 01:36:26,614 INFO  [org.hibernate.cfg.SettingsFactory] Structured second-level cache entries: disabled
2013-01-28 01:36:26,627 INFO  [org.hibernate.cfg.SettingsFactory] Echoing all SQL to stdout
2013-01-28 01:36:26,627 INFO  [org.hibernate.cfg.SettingsFactory] Statistics: disabled
2013-01-28 01:36:26,627 INFO  [org.hibernate.cfg.SettingsFactory] Deleted entity synthetic identifier rollback: disabled
2013-01-28 01:36:26,629 INFO  [org.hibernate.cfg.SettingsFactory] Default entity-mode: pojo
2013-01-28 01:36:26,629 INFO  [org.hibernate.cfg.SettingsFactory] Named query checking : enabled
2013-01-28 01:36:26,713 INFO  [org.hibernate.impl.SessionFactoryImpl] building session factory
2013-01-28 01:36:27,495 INFO  [org.hibernate.impl.SessionFactoryObjectFactory] Not binding factory to JNDI, no JNDI name configured
2013-01-28 01:36:27,980 INFO  [org.springframework.orm.hibernate3.HibernateTransactionManager] Using DataSource [org.apache.commons.dbcp.BasicDataSource@1e99795] of Hibernate SessionFactory for HibernateTransactionManager
2013-01-28 01:36:28,237 INFO  [org.springframework.beans.factory.support.DefaultListableBeanFactory] Destroying singletons in org.springframework.beans.factory.support.DefaultListableBeanFactory@1fddd99: defining beans [carrental.DriverMasterDao,carrental.DriverContactDao,carrental.DriverAddressDao,carrental.DriverEducationDao,carrental.DriverEmploymentDao,carrental.DriverBackgroundCheckDao,carrental.propertyConfigurer,carrental.dataSource,carrental.dataSource.local,carrental.hibernateProperties,carrental.transactionManager,carrental.hibernateTemplate,carrental.txAdvice,carrental.mappingResourcesList,carrental.mappingResources,carrental.sessionFactory,org.springframework.aop.config.internalAutoProxyCreator,carrental.DriverService,org.springframework.aop.support.DefaultBeanFactoryPointcutAdvisor#0,DriverService,customRequest.dataSource,customRequest.dataSource.local,customRequest.hibernateProperties,customRequest.sessionFactory,customRequest.transactionManager,customRequest.txAdvice,CustomRequestDao,customRequest.services.propertyConfigurer,customrequest.CustomRequestService,org.springframework.aop.support.DefaultBeanFactoryPointcutAdvisor#1,CustomRequestService]; root of factory hierarchy
2013-01-28 01:36:28,237 INFO  [org.springframework.orm.hibernate3.annotation.AnnotationSessionFactoryBean] Closing Hibernate SessionFactory
2013-01-28 01:36:28,237 INFO  [org.hibernate.impl.SessionFactoryImpl] closing
2013-01-28 01:43:17,716 INFO  [org.springframework.context.support.ClassPathXmlApplicationContext] Refreshing org.springframework.context.support.ClassPathXmlApplicationContext@1bf8e9f: display name [org.springframework.context.support.ClassPathXmlApplicationContext@1bf8e9f]; startup date [Mon Jan 28 01:43:17 IST 2013]; root of context hierarchy
2013-01-28 01:43:17,907 INFO  [org.springframework.beans.factory.xml.XmlBeanDefinitionReader] Loading XML bean definitions from class path resource [CarRentalPersistenceContext.xml]
2013-01-28 01:43:18,133 INFO  [org.springframework.beans.factory.xml.XmlBeanDefinitionReader] Loading XML bean definitions from class path resource [com/company/carrental/database/ctx/common/ApplicationContext-DAO.xml]
2013-01-28 01:43:18,205 INFO  [org.springframework.beans.factory.xml.XmlBeanDefinitionReader] Loading XML bean definitions from class path resource [com/company/carrental/database/ctx/common/ApplicationContext-Persistence.xml]
2013-01-28 01:43:18,348 INFO  [org.springframework.beans.factory.xml.XmlBeanDefinitionReader] Loading XML bean definitions from class path resource [com/company/carrental/services/ctx/common/ApplicationContext-Services.xml]
2013-01-28 01:43:18,459 INFO  [org.springframework.beans.factory.xml.XmlBeanDefinitionReader] Loading XML bean definitions from class path resource [custom-request-servicesPersistenceContext.xml]
2013-01-28 01:43:18,510 INFO  [org.springframework.beans.factory.xml.XmlBeanDefinitionReader] Loading XML bean definitions from class path resource [com/company/customrequest/services/database/ctx/common/ApplicationContext-Persistence.xml]
2013-01-28 01:43:18,549 INFO  [org.springframework.beans.factory.support.DefaultListableBeanFactory] Overriding bean definition for bean 'carrental.propertyConfigurer': replacing [Generic bean: class [org.springframework.beans.factory.config.PropertyPlaceholderConfigurer]; scope=singleton; abstract=false; lazyInit=false; autowireCandidate=true; autowireMode=0; dependencyCheck=0; factoryBeanName=null; factoryMethodName=null; initMethodName=null; destroyMethodName=null; defined in class path resource [com/company/carrental/database/ctx/common/ApplicationContext-Persistence.xml]] with [Generic bean: class [org.springframework.beans.factory.config.PropertyPlaceholderConfigurer]; scope=singleton; abstract=false; lazyInit=false; autowireCandidate=true; autowireMode=0; dependencyCheck=0; factoryBeanName=null; factoryMethodName=null; initMethodName=null; destroyMethodName=null; defined in class path resource [com/company/customrequest/services/database/ctx/common/ApplicationContext-Persistence.xml]]
2013-01-28 01:43:18,553 INFO  [org.springframework.beans.factory.xml.XmlBeanDefinitionReader] Loading XML bean definitions from class path resource [com/company/customrequest/services/database/ctx/common/ApplicationContext-DAO.xml]
2013-01-28 01:43:18,705 INFO  [org.springframework.beans.factory.xml.XmlBeanDefinitionReader] Loading XML bean definitions from class path resource [com/company/customrequest/services/database/service/ctx/common/ApplicationContext-Services.xml]
2013-01-28 01:43:18,762 INFO  [org.springframework.context.support.ClassPathXmlApplicationContext] Bean factory for application context [org.springframework.context.support.ClassPathXmlApplicationContext@1bf8e9f]: org.springframework.beans.factory.support.DefaultListableBeanFactory@116381c
2013-01-28 01:43:18,993 INFO  [org.springframework.beans.factory.config.PropertyPlaceholderConfigurer] Loading properties file from class path resource [jtds.carrental.properties]
2013-01-28 01:43:19,009 INFO  [org.springframework.beans.factory.config.PropertyPlaceholderConfigurer] Loading properties file from URL [file:config/apps/conf.properties]
2013-01-28 01:43:19,179 INFO  [org.springframework.beans.factory.support.DefaultListableBeanFactory] Pre-instantiating singletons in org.springframework.beans.factory.support.DefaultListableBeanFactory@116381c: defining beans [carrental.DriverMasterDao,carrental.DriverContactDao,carrental.DriverAddressDao,carrental.DriverEducationDao,carrental.DriverEmploymentDao,carrental.DriverBackgroundCheckDao,carrental.propertyConfigurer,carrental.dataSource,carrental.dataSource.local,carrental.hibernateProperties,carrental.transactionManager,carrental.hibernateTemplate,carrental.txAdvice,carrental.mappingResourcesList,carrental.mappingResources,carrental.sessionFactory,org.springframework.aop.config.internalAutoProxyCreator,carrental.DriverService,org.springframework.aop.support.DefaultBeanFactoryPointcutAdvisor#0,DriverService,customRequest.dataSource,customRequest.dataSource.local,customRequest.hibernateProperties,customRequest.sessionFactory,customRequest.transactionManager,customRequest.txAdvice,CustomRequestDao,customRequest.services.propertyConfigurer,customrequest.CustomRequestService,org.springframework.aop.support.DefaultBeanFactoryPointcutAdvisor#1,CustomRequestService]; root of factory hierarchy
2013-01-28 01:43:20,150 INFO  [org.hibernate.cfg.annotations.Version] Hibernate Annotations 3.3.0.GA
2013-01-28 01:43:20,175 INFO  [org.hibernate.cfg.Environment] Hibernate 3.2.5
2013-01-28 01:43:20,188 INFO  [org.hibernate.cfg.Environment] hibernate.properties not found
2013-01-28 01:43:20,191 INFO  [org.hibernate.cfg.Environment] Bytecode provider name : cglib
2013-01-28 01:43:20,201 INFO  [org.hibernate.cfg.Environment] using JDK 1.4 java.sql.Timestamp handling
2013-01-28 01:43:20,520 INFO  [org.hibernate.cfg.AnnotationBinder] Binding entity from annotated class: com.company.carrental.data.pojo.AreaMaster
2013-01-28 01:43:20,616 INFO  [org.hibernate.cfg.annotations.EntityBinder] Bind entity com.company.carrental.data.pojo.AreaMaster on table Area_Master
2013-01-28 01:43:20,802 INFO  [org.hibernate.cfg.AnnotationBinder] Binding entity from annotated class: com.company.carrental.data.pojo.DriverMaster
2013-01-28 01:43:20,803 INFO  [org.hibernate.cfg.annotations.EntityBinder] Bind entity com.company.carrental.data.pojo.DriverMaster on table driver_master
2013-01-28 01:43:20,824 INFO  [org.hibernate.cfg.AnnotationBinder] Binding entity from annotated class: com.company.carrental.data.pojo.DriverContact
2013-01-28 01:43:20,824 INFO  [org.hibernate.cfg.annotations.EntityBinder] Bind entity com.company.carrental.data.pojo.DriverContact on table Driver_Contact
2013-01-28 01:43:20,844 INFO  [org.hibernate.cfg.AnnotationBinder] Binding entity from annotated class: com.company.carrental.data.pojo.ContactTypeMaster
2013-01-28 01:43:20,844 INFO  [org.hibernate.cfg.annotations.EntityBinder] Bind entity com.company.carrental.data.pojo.ContactTypeMaster on table Contact_Type_Master
2013-01-28 01:43:20,850 INFO  [org.hibernate.cfg.AnnotationBinder] Binding entity from annotated class: com.company.carrental.data.pojo.DriverAddress
2013-01-28 01:43:20,850 INFO  [org.hibernate.cfg.annotations.EntityBinder] Bind entity com.company.carrental.data.pojo.DriverAddress on table Driver_Address
2013-01-28 01:43:20,853 INFO  [org.hibernate.cfg.AnnotationBinder] Binding entity from annotated class: com.company.carrental.data.pojo.AddressTypeMaster
2013-01-28 01:43:20,854 INFO  [org.hibernate.cfg.annotations.EntityBinder] Bind entity com.company.carrental.data.pojo.AddressTypeMaster on table Address_Type_Master
2013-01-28 01:43:20,856 INFO  [org.hibernate.cfg.AnnotationBinder] Binding entity from annotated class: com.company.carrental.data.pojo.DriverEducation
2013-01-28 01:43:20,856 INFO  [org.hibernate.cfg.annotations.EntityBinder] Bind entity com.company.carrental.data.pojo.DriverEducation on table Driver_Education
2013-01-28 01:43:20,861 INFO  [org.hibernate.cfg.AnnotationBinder] Binding entity from annotated class: com.company.carrental.data.pojo.DriverEmployment
2013-01-28 01:43:20,862 INFO  [org.hibernate.cfg.annotations.EntityBinder] Bind entity com.company.carrental.data.pojo.DriverEmployment on table Driver_Employment
2013-01-28 01:43:20,867 INFO  [org.hibernate.cfg.AnnotationBinder] Binding entity from annotated class: com.company.carrental.data.pojo.DriverBackgroundCheck
2013-01-28 01:43:20,868 INFO  [org.hibernate.cfg.annotations.EntityBinder] Bind entity com.company.carrental.data.pojo.DriverBackgroundCheck on table Driver_BackGround_Check
2013-01-28 01:43:21,019 INFO  [org.hibernate.cfg.annotations.CollectionBinder] Mapping collection: com.company.carrental.data.pojo.AreaMaster.driverAddresses -> Driver_Address
2013-01-28 01:43:21,019 INFO  [org.hibernate.cfg.annotations.CollectionBinder] Mapping collection: com.company.carrental.data.pojo.DriverMaster.driverAddresses -> Driver_Address
2013-01-28 01:43:21,019 INFO  [org.hibernate.cfg.annotations.CollectionBinder] Mapping collection: com.company.carrental.data.pojo.DriverMaster.driverContacts -> Driver_Contact
2013-01-28 01:43:21,020 INFO  [org.hibernate.cfg.annotations.CollectionBinder] Mapping collection: com.company.carrental.data.pojo.DriverMaster.driverEducations -> Driver_Education
2013-01-28 01:43:21,020 INFO  [org.hibernate.cfg.annotations.CollectionBinder] Mapping collection: com.company.carrental.data.pojo.ContactTypeMaster.driverContacts -> Driver_Contact
2013-01-28 01:43:21,020 INFO  [org.hibernate.cfg.annotations.CollectionBinder] Mapping collection: com.company.carrental.data.pojo.AddressTypeMaster.driverAddresses -> Driver_Address
2013-01-28 01:43:21,035 INFO  [org.hibernate.cfg.AnnotationConfiguration] Hibernate Validator not found: ignoring
2013-01-28 01:43:21,036 INFO  [org.springframework.orm.hibernate3.annotation.AnnotationSessionFactoryBean] Building new Hibernate SessionFactory
2013-01-28 01:43:21,049 INFO  [org.hibernate.cfg.AnnotationConfiguration] Hibernate Validator not found: ignoring
2013-01-28 01:43:21,061 INFO  [org.hibernate.connection.ConnectionProviderFactory] Initializing connection provider: org.springframework.orm.hibernate3.LocalDataSourceConnectionProvider
2013-01-28 01:43:21,590 INFO  [org.hibernate.cfg.SettingsFactory] RDBMS: MySQL, version: 5.5.23
2013-01-28 01:43:21,591 INFO  [org.hibernate.cfg.SettingsFactory] JDBC driver: MySQL-AB JDBC Driver, version: mysql-connector-java-5.0.8 ( Revision: ${svn.Revision} )
2013-01-28 01:43:21,623 INFO  [org.hibernate.dialect.Dialect] Using dialect: org.hibernate.dialect.SybaseDialect
2013-01-28 01:43:21,636 INFO  [org.hibernate.transaction.TransactionFactoryFactory] Using default transaction strategy (direct JDBC transactions)
2013-01-28 01:43:21,640 INFO  [org.hibernate.transaction.TransactionManagerLookupFactory] No TransactionManagerLookup configured (in JTA environment, use of read-write or transactional second-level cache is not recommended)
2013-01-28 01:43:21,640 INFO  [org.hibernate.cfg.SettingsFactory] Automatic flush during beforeCompletion(): enabled
2013-01-28 01:43:21,640 INFO  [org.hibernate.cfg.SettingsFactory] Automatic session close at end of transaction: disabled
2013-01-28 01:43:21,642 INFO  [org.hibernate.cfg.SettingsFactory] Scrollable result sets: enabled
2013-01-28 01:43:21,642 INFO  [org.hibernate.cfg.SettingsFactory] JDBC3 getGeneratedKeys(): enabled
2013-01-28 01:43:21,642 INFO  [org.hibernate.cfg.SettingsFactory] Connection release mode: after_statement
2013-01-28 01:43:21,642 WARN  [org.hibernate.cfg.SettingsFactory] Overriding release mode as connection provider does not support 'after_statement'
2013-01-28 01:43:21,642 INFO  [org.hibernate.cfg.SettingsFactory] Default batch fetch size: 1
2013-01-28 01:43:21,642 INFO  [org.hibernate.cfg.SettingsFactory] Generate SQL with comments: enabled
2013-01-28 01:43:21,642 INFO  [org.hibernate.cfg.SettingsFactory] Order SQL updates by primary key: disabled
2013-01-28 01:43:21,642 INFO  [org.hibernate.cfg.SettingsFactory] Order SQL inserts for batching: disabled
2013-01-28 01:43:21,642 INFO  [org.hibernate.cfg.SettingsFactory] Query translator: org.hibernate.hql.classic.ClassicQueryTranslatorFactory
2013-01-28 01:43:21,648 INFO  [org.hibernate.cfg.SettingsFactory] Query language substitutions: {false='N', true='Y'}
2013-01-28 01:43:21,648 INFO  [org.hibernate.cfg.SettingsFactory] JPA-QL strict compliance: disabled
2013-01-28 01:43:21,648 INFO  [org.hibernate.cfg.SettingsFactory] Second-level cache: disabled
2013-01-28 01:43:21,648 INFO  [org.hibernate.cfg.SettingsFactory] Query cache: disabled
2013-01-28 01:43:21,648 INFO  [org.hibernate.cfg.SettingsFactory] Optimize cache for minimal puts: disabled
2013-01-28 01:43:21,649 INFO  [org.hibernate.cfg.SettingsFactory] Structured second-level cache entries: disabled
2013-01-28 01:43:21,659 INFO  [org.hibernate.cfg.SettingsFactory] Echoing all SQL to stdout
2013-01-28 01:43:21,659 INFO  [org.hibernate.cfg.SettingsFactory] Statistics: disabled
2013-01-28 01:43:21,660 INFO  [org.hibernate.cfg.SettingsFactory] Deleted entity synthetic identifier rollback: disabled
2013-01-28 01:43:21,661 INFO  [org.hibernate.cfg.SettingsFactory] Default entity-mode: pojo
2013-01-28 01:43:21,661 INFO  [org.hibernate.cfg.SettingsFactory] Named query checking : enabled
2013-01-28 01:43:21,732 INFO  [org.hibernate.impl.SessionFactoryImpl] building session factory
2013-01-28 01:43:22,520 INFO  [org.hibernate.impl.SessionFactoryObjectFactory] Not binding factory to JNDI, no JNDI name configured
2013-01-28 01:43:23,017 INFO  [org.springframework.orm.hibernate3.HibernateTransactionManager] Using DataSource [org.apache.commons.dbcp.BasicDataSource@191cf24] of Hibernate SessionFactory for HibernateTransactionManager
2013-01-28 01:43:23,308 INFO  [org.springframework.orm.hibernate3.LocalSessionFactoryBean] Building new Hibernate SessionFactory
2013-01-28 01:43:23,309 INFO  [org.hibernate.connection.ConnectionProviderFactory] Initializing connection provider: org.springframework.orm.hibernate3.LocalDataSourceConnectionProvider
2013-01-28 01:43:23,381 INFO  [org.hibernate.cfg.SettingsFactory] RDBMS: MySQL, version: 5.5.23
2013-01-28 01:43:23,381 INFO  [org.hibernate.cfg.SettingsFactory] JDBC driver: MySQL-AB JDBC Driver, version: mysql-connector-java-5.0.8 ( Revision: ${svn.Revision} )
2013-01-28 01:43:23,382 INFO  [org.hibernate.dialect.Dialect] Using dialect: org.hibernate.dialect.SybaseDialect
2013-01-28 01:43:23,382 INFO  [org.hibernate.transaction.TransactionFactoryFactory] Using default transaction strategy (direct JDBC transactions)
2013-01-28 01:43:23,382 INFO  [org.hibernate.transaction.TransactionManagerLookupFactory] No TransactionManagerLookup configured (in JTA environment, use of read-write or transactional second-level cache is not recommended)
2013-01-28 01:43:23,382 INFO  [org.hibernate.cfg.SettingsFactory] Automatic flush during beforeCompletion(): enabled
2013-01-28 01:43:23,382 INFO  [org.hibernate.cfg.SettingsFactory] Automatic session close at end of transaction: disabled
2013-01-28 01:43:23,382 INFO  [org.hibernate.cfg.SettingsFactory] Scrollable result sets: enabled
2013-01-28 01:43:23,382 INFO  [org.hibernate.cfg.SettingsFactory] JDBC3 getGeneratedKeys(): enabled
2013-01-28 01:43:23,382 INFO  [org.hibernate.cfg.SettingsFactory] Connection release mode: after_statement
2013-01-28 01:43:23,382 WARN  [org.hibernate.cfg.SettingsFactory] Overriding release mode as connection provider does not support 'after_statement'
2013-01-28 01:43:23,383 INFO  [org.hibernate.cfg.SettingsFactory] Default batch fetch size: 1
2013-01-28 01:43:23,383 INFO  [org.hibernate.cfg.SettingsFactory] Generate SQL with comments: enabled
2013-01-28 01:43:23,383 INFO  [org.hibernate.cfg.SettingsFactory] Order SQL updates by primary key: disabled
2013-01-28 01:43:23,383 INFO  [org.hibernate.cfg.SettingsFactory] Order SQL inserts for batching: disabled
2013-01-28 01:43:23,383 INFO  [org.hibernate.cfg.SettingsFactory] Query translator: org.hibernate.hql.classic.ClassicQueryTranslatorFactory
2013-01-28 01:43:23,383 INFO  [org.hibernate.cfg.SettingsFactory] Query language substitutions: {false='N', true='Y'}
2013-01-28 01:43:23,383 INFO  [org.hibernate.cfg.SettingsFactory] JPA-QL strict compliance: disabled
2013-01-28 01:43:23,383 INFO  [org.hibernate.cfg.SettingsFactory] Second-level cache: disabled
2013-01-28 01:43:23,383 INFO  [org.hibernate.cfg.SettingsFactory] Query cache: disabled
2013-01-28 01:43:23,383 INFO  [org.hibernate.cfg.SettingsFactory] Optimize cache for minimal puts: disabled
2013-01-28 01:43:23,383 INFO  [org.hibernate.cfg.SettingsFactory] Structured second-level cache entries: disabled
2013-01-28 01:43:23,383 INFO  [org.hibernate.cfg.SettingsFactory] Echoing all SQL to stdout
2013-01-28 01:43:23,383 INFO  [org.hibernate.cfg.SettingsFactory] Statistics: disabled
2013-01-28 01:43:23,383 INFO  [org.hibernate.cfg.SettingsFactory] Deleted entity synthetic identifier rollback: disabled
2013-01-28 01:43:23,383 INFO  [org.hibernate.cfg.SettingsFactory] Default entity-mode: pojo
2013-01-28 01:43:23,383 INFO  [org.hibernate.cfg.SettingsFactory] Named query checking : enabled
2013-01-28 01:43:23,418 INFO  [org.hibernate.impl.SessionFactoryImpl] building session factory
2013-01-28 01:43:23,418 INFO  [org.hibernate.impl.SessionFactoryObjectFactory] Not binding factory to JNDI, no JNDI name configured
2013-01-28 01:43:23,422 INFO  [org.springframework.orm.hibernate3.HibernateTransactionManager] Using DataSource [org.apache.commons.dbcp.BasicDataSource@64be72] of Hibernate SessionFactory for HibernateTransactionManager
2013-01-28 01:43:25,025 INFO  [org.springframework.context.support.ClassPathXmlApplicationContext] Refreshing org.springframework.context.support.ClassPathXmlApplicationContext@13191d7: display name [org.springframework.context.support.ClassPathXmlApplicationContext@13191d7]; startup date [Mon Jan 28 01:43:25 IST 2013]; root of context hierarchy
2013-01-28 01:43:25,026 INFO  [org.springframework.beans.factory.xml.XmlBeanDefinitionReader] Loading XML bean definitions from class path resource [custom-request-servicesPersistenceContext.xml]
2013-01-28 01:43:25,048 INFO  [org.springframework.beans.factory.xml.XmlBeanDefinitionReader] Loading XML bean definitions from class path resource [com/company/customrequest/services/database/ctx/common/ApplicationContext-Persistence.xml]
2013-01-28 01:43:25,083 INFO  [org.springframework.beans.factory.xml.XmlBeanDefinitionReader] Loading XML bean definitions from class path resource [com/company/customrequest/services/database/ctx/common/ApplicationContext-DAO.xml]
2013-01-28 01:43:25,105 INFO  [org.springframework.beans.factory.xml.XmlBeanDefinitionReader] Loading XML bean definitions from class path resource [com/company/customrequest/services/database/service/ctx/common/ApplicationContext-Services.xml]
2013-01-28 01:43:25,136 INFO  [org.springframework.context.support.ClassPathXmlApplicationContext] Bean factory for application context [org.springframework.context.support.ClassPathXmlApplicationContext@13191d7]: org.springframework.beans.factory.support.DefaultListableBeanFactory@1039c11
2013-01-28 01:43:25,138 INFO  [org.springframework.beans.factory.config.PropertyPlaceholderConfigurer] Loading properties file from class path resource [jtds.carrental.properties]
2013-01-28 01:43:25,141 INFO  [org.springframework.beans.factory.config.PropertyPlaceholderConfigurer] Loading properties file from URL [file:config/apps/conf.properties]
2013-01-28 01:43:25,144 INFO  [org.springframework.beans.factory.support.DefaultListableBeanFactory] Pre-instantiating singletons in org.springframework.beans.factory.support.DefaultListableBeanFactory@1039c11: defining beans [carrental.propertyConfigurer,customRequest.dataSource,customRequest.dataSource.local,customRequest.hibernateProperties,customRequest.sessionFactory,customRequest.transactionManager,customRequest.txAdvice,CustomRequestDao,customRequest.services.propertyConfigurer,org.springframework.aop.config.internalAutoProxyCreator,customrequest.CustomRequestService,org.springframework.aop.support.DefaultBeanFactoryPointcutAdvisor#0,CustomRequestService]; root of factory hierarchy
2013-01-28 01:43:25,163 INFO  [org.springframework.orm.hibernate3.LocalSessionFactoryBean] Building new Hibernate SessionFactory
2013-01-28 01:43:25,163 INFO  [org.hibernate.connection.ConnectionProviderFactory] Initializing connection provider: org.springframework.orm.hibernate3.LocalDataSourceConnectionProvider
2013-01-28 01:43:25,185 INFO  [org.hibernate.cfg.SettingsFactory] RDBMS: MySQL, version: 5.5.23
2013-01-28 01:43:25,185 INFO  [org.hibernate.cfg.SettingsFactory] JDBC driver: MySQL-AB JDBC Driver, version: mysql-connector-java-5.0.8 ( Revision: ${svn.Revision} )
2013-01-28 01:43:25,185 INFO  [org.hibernate.dialect.Dialect] Using dialect: org.hibernate.dialect.SybaseDialect
2013-01-28 01:43:25,186 INFO  [org.hibernate.transaction.TransactionFactoryFactory] Using default transaction strategy (direct JDBC transactions)
2013-01-28 01:43:25,186 INFO  [org.hibernate.transaction.TransactionManagerLookupFactory] No TransactionManagerLookup configured (in JTA environment, use of read-write or transactional second-level cache is not recommended)
2013-01-28 01:43:25,186 INFO  [org.hibernate.cfg.SettingsFactory] Automatic flush during beforeCompletion(): enabled
2013-01-28 01:43:25,186 INFO  [org.hibernate.cfg.SettingsFactory] Automatic session close at end of transaction: disabled
2013-01-28 01:43:25,186 INFO  [org.hibernate.cfg.SettingsFactory] Scrollable result sets: enabled
2013-01-28 01:43:25,186 INFO  [org.hibernate.cfg.SettingsFactory] JDBC3 getGeneratedKeys(): enabled
2013-01-28 01:43:25,186 INFO  [org.hibernate.cfg.SettingsFactory] Connection release mode: after_statement
2013-01-28 01:43:25,186 WARN  [org.hibernate.cfg.SettingsFactory] Overriding release mode as connection provider does not support 'after_statement'
2013-01-28 01:43:25,186 INFO  [org.hibernate.cfg.SettingsFactory] Default batch fetch size: 1
2013-01-28 01:43:25,186 INFO  [org.hibernate.cfg.SettingsFactory] Generate SQL with comments: enabled
2013-01-28 01:43:25,187 INFO  [org.hibernate.cfg.SettingsFactory] Order SQL updates by primary key: disabled
2013-01-28 01:43:25,187 INFO  [org.hibernate.cfg.SettingsFactory] Order SQL inserts for batching: disabled
2013-01-28 01:43:25,187 INFO  [org.hibernate.cfg.SettingsFactory] Query translator: org.hibernate.hql.classic.ClassicQueryTranslatorFactory
2013-01-28 01:43:25,187 INFO  [org.hibernate.cfg.SettingsFactory] Query language substitutions: {false='N', true='Y'}
2013-01-28 01:43:25,187 INFO  [org.hibernate.cfg.SettingsFactory] JPA-QL strict compliance: disabled
2013-01-28 01:43:25,187 INFO  [org.hibernate.cfg.SettingsFactory] Second-level cache: disabled
2013-01-28 01:43:25,187 INFO  [org.hibernate.cfg.SettingsFactory] Query cache: disabled
2013-01-28 01:43:25,187 INFO  [org.hibernate.cfg.SettingsFactory] Optimize cache for minimal puts: disabled
2013-01-28 01:43:25,187 INFO  [org.hibernate.cfg.SettingsFactory] Structured second-level cache entries: disabled
2013-01-28 01:43:25,187 INFO  [org.hibernate.cfg.SettingsFactory] Echoing all SQL to stdout
2013-01-28 01:43:25,187 INFO  [org.hibernate.cfg.SettingsFactory] Statistics: disabled
2013-01-28 01:43:25,187 INFO  [org.hibernate.cfg.SettingsFactory] Deleted entity synthetic identifier rollback: disabled
2013-01-28 01:43:25,187 INFO  [org.hibernate.cfg.SettingsFactory] Default entity-mode: pojo
2013-01-28 01:43:25,187 INFO  [org.hibernate.cfg.SettingsFactory] Named query checking : enabled
2013-01-28 01:43:25,208 INFO  [org.hibernate.impl.SessionFactoryImpl] building session factory
2013-01-28 01:43:25,208 INFO  [org.hibernate.impl.SessionFactoryObjectFactory] Not binding factory to JNDI, no JNDI name configured
2013-01-28 01:43:25,223 INFO  [org.springframework.orm.hibernate3.HibernateTransactionManager] Using DataSource [org.apache.commons.dbcp.BasicDataSource@1cb24bd] of Hibernate SessionFactory for HibernateTransactionManager
